[    00000 Initiaizg group subsys cpuset
   00000] italizngcgup susycp
   0.00000 Itiliin coup bs cpucc
[   0.0000] nux vsi 4.4-4geneicbuildd@lgw01-34) (gcc version 5.4.0 20160609 Ubuntu 5.4.0-6ubnt~16.4.) ) 66-UbntSM Wd t 9 14:12:37 UTC 2016 (Ubuntu 4.4.0-45.66-generi4.21)   0.000] Command line: BOOT_IMAGE=/boot/vmlinuz-4.4.0-45-generic root=LABEL=cloudimg-rootfs ro console=tt csolettS0
[  0.0000]KEELsupord cpus
[   0.000000]  Iel GenuineInte
  0.000000]   AMD AuthenticAMD
[    0.000000]   Centaur CentaurHauls
[    0.000000] x86/fpu: xstate_offset[2]:  576, xstate_sizes[2]:  256
[    0.000000] x86/fpu: Supporting XSAVE feature 0x01: 'x87 floating point registers'
[   000000] x/f: Suppoti XAVfeure 002'SE regisrs
[    00000 x6/u:Suorng XSA fture0x04 'AVX regters'
  0.00000 x/fu: Eabd statefeurs 0x, ntext size is 832 bytes, using 'standard' format.
[    0.000000] x86/fpu: Using 'lazy' FPU context switches.
[    .000000] e820: BIOS-provided physical RAM map:
[    0.000000] BIOS-e820: [mem 0x0000000000000000-0x00000000009fbff] usable
[    0.0000] IOS82: [me0x00000000009fc00-0x000000000009ffff] reserve
[    0.000000] BIOS-e820: [mem 0x00000000000f0000-0x00000000000fffffreerved
[    0.000] IOS-e820: [mem 0x0000000000100000-0x000000003ffeffff] usable
[    0.000000] BIOS-e820: [mem 0x000000003fff0000-0x000000003ffffffff] ACPI data
[    0.000000] BIOS-e820: [mem 0x00000000fec00000-0x00000000fec00fff] reserved
[    0.000000] BIOS-e820: [mem 0x00000000fee00000-0x00000000fee00fff] reserved
[    0.000000] BIOS-e820: [mem 0x00000000fffc0000-0x00000000ffff] reerved
[    0.000000] NX(Ecute sae) prteio: active
[    0.000] MBIOS 2.5 pesnt
[    0.000]Hypervisor detected: KVM
[    0.000000] e80:ast_fn 03ff0ma_ach_pfn = 0x40000
[   .0000] RRDisale
[    .00000x8/PT:TRs isbld, skipingPAT iitialiatn oo
  0.00000x8/PT:Coiguration [0-7]: WB  WT  UC- UC WBWT UC- C 
[   0.000]CPU MRRal ban- irtuiz system.
[    0.000000] found SMP -tle at [mem 0x0009ff0-009ff] aped a[ff88000ff0]   0.000000] Scanning  aeasor l mory rrtion
[    0.000000] RADIK:[mem 0x3701400-0781fff
  0.000000] ACI:ary tab ccksum eriction disabled
[    0.000000] ACPI: RSDP 0x00000000000E0000 000024 (v02 VBOX  )
[    0.000000] ACPI: XSDT 0x000000003FFF0030 00003C (v01 VBOX   VBOXXSDT 00000001 ASL  00000061)
[    0.000000] ACPI: FACP0x000003F000 000F4(v VOX  VBFAP 0000 AL 00001)
[  0.000] CPI:DS 00000003FF070 0020Fv0 VOX VOXBI 000002 ITL010528)
[    0.00000ACPI: FACS 0x000003FFF0000040
[    0.000000] ACPI: FACS 0x00000003F02000040
[    00000] ACPI: APIC 0x000000003FFF0240 00005C (v02 VBOX   VBOXAPIC 00000001 ASL  00000061)
[    0.000000] ACPI: SSDT 0x000000003FFF02A0 0001CC (01BO   BOPU 000002 NT 2008)
  0.0000]o UM cnfuration found   0.000000] Faking a node at [mem 0x0000000000000000-0x000000003ffeffff]
[    0.000000] NODE_DATA(0) allocated [mem 0x3ffeb000-0x3ffeffff]
[    0.000000] kvm-clock: Using msrs 4b564d01 and 4b564d0
[  0.000000] vmlock: cp 0, ms 0ff7001prary cpu clock
[  000000] kvm-clock: using sched offset of 2986667014 cycles
[  .00000] clocksource: kvm-clock:mask: 0xffffffffffffffff max_cycles: 0x1cd42e4dffb, max_idle_ns: 881590591483 ns
[    0.000000] Zone ranges:
[    0.000000]   DMA      [mem 0x00000000000000-0x0000000000ffffff]
[    0.000000]   DMA32    [mem 0x000000001000000-0x000000003ffeffff]
[    0.000000]   Normal   empty
[    0.000000]   Device   empty
[    0.000000] Movable zone start for each node
[    0.000000] Early memory node ranges
[    0.000000]   node   0: [mem 0x0000000000001000-0x00000009efff]
[    0.0000  node   0: [mem 0x0000000000100000-0x000000003ffeffff]
[    0.000000] Initmem setup node 0 [mem 0x0000000000001000-0x000000003ffeffff]
[    0.00000] ACPI: PM-Timer IO Po: 0x408
[    0000] IOAPIC[0]: apic_id 2, version 32, address 0xfec00000, GSI 0-23
[    0.000000] ACPI: IN_S_OR us bus_iq glbal_rq dl df)[   0.000]ACPI: IT_C_VR (bu 0bu_irq 9 global_irq 9 high level)
[    0.000000] Using ACPI (MADT) fo S cnfiguratin nfmatin    0.000000] smpboot: Allowing 2 CPU,  hplugCP
    .000] PM Rgitere nsae memy:mem 0x00000000-0x00000fff]
[  0.00000] M:egsterd sae emy:[mm 009f000x009fff
[   0.00000] P Registed save mery[mem 000000-000fff]
[  00000 P: egted noav mmoy:me0x0000-0x00fffff][   0.000] e820: [mem 0x40000000-0xfebffffff] aille fr CIdeic
   00000 Booin paviruaized kenel onVM
[    0.000 cloksrc: rind-iffie mk: 0xffff maxyces 0xfffff, ax_idle_n: 4519602156ns
  0.000000] setu_percpu: NCPS:56 nr_pumask_bits:256 nr_cpu_is: nr_nde_ds1[   .000000] PERU:mbedde 3 pge/cp@fff800fc00 s988 812 d2968 u1048576
[  0.00000PVqsinckha tle enri: 56 (ode 0 4096 yt)
[   0000 Blt 1 zonelists in Node order, mobility grouping on.  Total pages: 257913
[    0.000000] Policy zone: D32
[   00000 Kne cmad ine:BOOT_IMAGE=/boot/vmlnu-4.40--gneric rot=BEL=cloudimgrofs roonole=tt cnsle=ttyS0
[   00000] PI hh table entries: 4096 (order: 3, 32768 yt)
[    .0000 Mery:004516K/1480Kavaille8409Kerl cod, 283K rwdata, 3944rodata, 1480K init, 1292K bss, 43604K eserd,0K cma-reserved)
[    0.000000] SLUB: HWalign=64, Order=0-3, MinObjects0, CPUs=2, Nodes=1
[    0.000000] Hierarchical CU implementation.
[    0.000000] 	Build-time adjustment of leaf fanout to 64.
[    0.000000] 	RCU restricting CPUs from NR_CPUS=256 to nr_cpu_ids=2
    00000] RCU:djstnggeomety for cuanout_leaf64 ncpu_ids=2
[    0.000000]R_RQS:164nrirs:0 6
   00000] Conso: olour VGA+ 80x25
[    0.000000] console [tty1] enabled
[    0.000000] console [ttyS0] enabled
[    0.000000] tsc: teed 3099.998 MHz processor
[   13.469044] Calibrating delay loop (skipped) preset value.. 6199.99 BogoMIPS (lpj=12399992)
[   13.594981] pid_max: default: 32768 minimum: 301
[   13.666694] ACPI: Core revision 20150930
[   13.668369] ACPI: 2 ACPI AML tables successfully acquired and loaded
[   13.669724] Security Framework initialized
[   13.731002] Yama: becoming mindful.
[   13.732002] AppArmor: AppArmor initialized
[   13.770469] Dentry cache hash table entries: 131072 (order: 8, 1048576 bytes)
[   13.862030] Inode-cache hash table entries: 65536 (order: 7, 524288 bytes)
[   13.960834] Mount-cache hash table entries: 2048 (order: 2, 16384 bytes)
[   13.974227] Mountpoint-cache hash table entries: 2048 (order: 2, 16384 bytes)
[   13.990008] Initializing cgroup subsys io
[   13.991778] Initializing cgroup subsys memory
[   14.020943] Initializing cgroup subsys devices
[   14.053661] Initializing cgroup subsys freezer
[   14.079401] Initializing cgroup subsys net_cls
[   14.086820] Initializing cgroup subsys perf_event
[   14.095647] Initializing cgroup subsys net_prio
[   14.099627] Initializing cgroup subsys hugetlb
[   14.109387] Initializing cgroup subsys pids
[   14.122634] CPU: Physical Processor ID: 0
[   14.126820] CPU: Processor Core ID: 0
[   14.146344] mce: CPU supports 0 MCE banks
[   14.151844] Last level iTLB entries: 4KB 64, 2MB 8, 4MB 8
[   14.154735] Last level dTLB entries: 4KB 64, 2MB 0, 4MB 0, 1GB 4
[   14.169323] Freeing SMP alternatives memory: 32K (ffffffff820b4000 - ffffffff820bc000)
[   14.212625] ftrace: allocating 32007 entries in 126 pages
[   14.262368] smpboot: Max logical packages: 1
[   14.285317] smpboot: APIC(0) Converting physical 0 to logical package 0
[   14.304162] x2apic enabled
[   14.309021] Switched APIC routing to physical x2apic.
[   14.322192] ..TIMER: vector=0x30 apic1=0 pin1=2 apic2=-1 pin2=-1
[   14.452344] smpboot: CPU0: Intel(R) Core(TM) i7-5557U CPU @ 3.10GHz (family: 0x6, model: 0x3d, stepping: 0x4)
[   14.463700] Performance Events: unsupported p6 CPU model 61 no PMU driver, software events only.
[   14.483195] KVM setup paravirtual spinlock
[   14.485005] x86: Booting SMP configuration:
[   14.497272] .... node  #0, CPUs:      #1
[   14.498376] kvm-clock: cpu 1, msr 0:3ffe7041, secondary cpu clock
[   14.506117] mce: CPU supports 0 MCE banks
[   14.540861] x86: Booted up 1 node, 2 CPUs
[   14.567753] smpboot: Total of 2 processors activated (12399.99 BogoMIPS)
[   14.575112] devtmpfs: initialized
[   14.595211] evm: security.selinux
[   14.596179] evm: security.SMACK64
[   14.604968] evm: security.SMACK64EXEC
[   14.611371] evm: security.SMACK64TRANSMUTE
[   14.612265] evm: security.SMACK64MMAP
[   14.624511] evm: security.ima
[   14.665419] evm: security.capability
[   14.687860] clocksource: jiffies: mask: 0xffffffff max_cycles: 0xffffffff, max_idle_ns: 7645041785100000 ns
[   14.745002] pinctrl core: initialized pinctrl subsystem
[   14.755113] RTC time: 18:42:03, date: 10/31/16
[   14.814818] NET: Registered protocol family 16
[   14.868804] cpuidle: using governor ladder
[   14.900369] cpuidle: using governor menu
[   14.938093] PCCT header not found.
[   14.970261] ACPI: bus type PCI registered
[   14.971531] acpiphp: ACPI Hot Plug PCI Controller Driver version: 0.5
[   15.063376] PCI: Using configuration type 1 for base access
[   15.101750] ACPI: Added _OSI(Module Device)
[   15.122868] ACPI: Added _OSI(Processor Device)
[   15.138727] ACPI: Added _OSI(3.0 _SCP Extensions)
[   15.139709] ACPI: Added _OSI(Processor Aggregator Device)
[   15.217504] ACPI: Executed 1 blocks of module-level executable AML code
[   15.231677] ACPI: Interpreter enabled
[   15.253819] ACPI Exception: AE_NOT_FOUND, While evaluating Sleep State [\_S1_] (20150930/hwxface-580)
[   15.320222] ACPI Exception: AE_NOT_FOUND, While evaluating Sleep State [\_S2_] (20150930/hwxface-580)
[   15.394193] ACPI Exception: AE_NOT_FOUND, While evaluating Sleep State [\_S3_] (20150930/hwxface-580)
[   15.396139] ACPI Exception: AE_NOT_FOUND, While evaluating Sleep State [\_S4_] (20150930/hwxface-580)
[   15.502092] ACPI: (supports S0 S5)
[   15.523659] ACPI: Using IOAPIC for interrupt routing
[   15.590234] PCI: Using host bridge windows from ACPI; if necessary, use "pci=nocrs" and report a bug
[   15.742501] ACPI: PCI Root Bridge [PCI0] (domain 0000 [bus 00-ff])
[   15.789004] acpi PNP0A03:00: _OSC: OS supports [ASPM ClockPM Segments MSI]
[   15.832651] acpi PNP0A03:00: _OSC failed (AE_NOT_FOUND); disabling ASPM
[   15.892983] acpi PNP0A03:00: fail to add MMCONFIG information, can't access extended PCI configuration space under this bridge.
[   15.907200] PCI host bridge to bus 0000:00
[   15.946345] pci_bus 0000:00: root bus resource [io  0x0000-0x0cf7 window]
[   16.000906] pci_bus 0000:00: root bus resource [io  0x0d00-0xffff window]
[   16.002348] pci_bus 0000:00: root bus resource [mem 0x000a0000-0x000bffff window]
[   16.034168] pci_bus 0000:00: root bus resource [mem 0x40000000-0xffdfffff window]
[   16.118408] pci_bus 0000:00: root bus resource [bus 00-ff]
[   16.210962] pci 0000:00:01.1: legacy IDE quirk: reg 0x10: [io  0x01f0-0x01f7]
[   16.262203] pci 0000:00:01.1: legacy IDE quirk: reg 0x14: [io  0x03f6]
[   16.319831] pci 0000:00:01.1: legacy IDE quirk: reg 0x18: [io  0x0170-0x0177]
[   16.398517] pci 0000:00:01.1: legacy IDE quirk: reg 0x1c: [io  0x0376]
[   16.494662] pci 0000:00:07.0: quirk: [io  0x4000-0x403f] claimed by PIIX4 ACPI
[   16.496322] pci 0000:00:07.0: quirk: [io  0x4100-0x410f] claimed by PIIX4 SMB
[   16.517572] ACPI: PCI Interrupt Link [LNKA] (IRQs 5 9 10 *11)
[   16.581388] ACPI: PCI Interrupt Link [LNKB] (IRQs 5 9 10 *11)
[   16.645020] ACPI: PCI Interrupt Link [LNKC] (IRQs 5 9 *10 11)
[   16.657725] ACPI: PCI Interrupt Link [LNKD] (IRQs 5 *9 10 11)
[   16.724262] ACPI: Enabled 2 GPEs in block 00 to 07
[   16.794431] vgaarb: setting as boot device: PCI:0000:00:02.0
[   16.856561] vgaarb: device added: PCI:0000:00:02.0,decodes=io+mem,owns=io+mem,locks=none
[   16.902383] vgaarb: loaded
[   16.924633] vgaarb: bridge control possible 0000:00:02.0
[   16.949594] SCSI subsystem initialized
[   16.983432] ACPI: bus type USB registered
[   17.016701] usbcore: registered new interface driver usbfs
[   17.092892] usbcore: registered new interface driver hub
[   17.163214] usbcore: registered new device driver usb
[   17.213218] PCI: Using ACPI for IRQ routing
[   17.256546] NetLabel: Initializing
[   17.276296] NetLabel:  domain hash size = 128
[   17.330056] NetLabel:  protocols = UNLABELED CIPSOv4
[   17.333577] NetLabel:  unlabeled traffic allowed by default
[   17.334956] amd_nb: Cannot enumerate AMD northbridges
[   17.356794] clocksource: Switched to clocksource kvm-clock
[   17.36919]AppArmor: AppArmor Filesystem Enabled
[  1422640] pnp: PnP ACPI ini
[ 175804pn P AI:fond devices
[   18.015727] clocksource: acpi_pm: mask: 0xffffff max_cycles: 0xffffff, max_idle_ns: 2085701024 ns
[   18.057152] NET: Registered protocol family 2
[   18.060417] TCP established hash table entries: 8192 (order: 4, 65536 bytes)
[   18.108125] TCP bind hash table entries: 8192 (order: 5, 131072 bytes)
[   18.118870] TCP: Hash tables configured (established 8192 bind 8192)
[   18.142141] UDP hash table entries: 512 (order: 2, 16384 bytes)
[   18.175902] UDP-Lite hash table entries: 512 (order: 2, 16384 bytes)
[   18.177792] NET: Registered protocol family 1
[   18.215851] pci 0000:00:00.0: Limiting direct PCI/PCI transfers
[   18.241081] pci 0000:00:01.0: Activating ISA DMA hang workarounds
[   18.257015] Trying to unpack rootfs image as initramfs...
[   19.905493] Freeing initrd memory: 8120K (ffff880037014000 - ffff880037802000)
[   19.914161] RAPL PMU detected, API unit is 2^-32 Joules, 4 fixed counters 10737418240msovfl timer
[   20.006255] hw unit of domain pp0-core 2^-0 Jules
[[   20.031556] hw unit of domain package 2^-0 Joules
[   20.034358] hw unit of domain dram 2^-0 Joules
[   20.035547] hw unit of domain pp1-gpu 2^-0 Joules
[   20.036622] platform rtc_cmos: registered platform RTC device (no PNP device found)
[   20.046441] Scanninfo low memory corruption every 60 seconds

[   20.135558] futex hash table entries: 512 (order: 3, 32768 bytes)
[   20.142975] audit: initializing netlink subsys (disabled)
[   20.146556] audit: type=2000 audit(1477939317.182:1): initialized
[   20.153757] Initialise system trusted keyring
[   20.159158] HugeTLB registered 2 MB page size, pre-allocated 0 pages
[   20.166979] zbud: loaded
[   20.168317] VFS: Disk quotas dquot_6.6.0
[   20.6992] VFS: Dquot-cache hash table entries: 512 (order 0, 4096 bytes)
[   20.220297] squashfs: version 4.0 (2009/01/31) Phillip ougher

[  20.285534] fuse init (API version 7.23)

[   20.320761] Key type big_key registered
[   20.327838] Allocating IMA MOK and blacklist keyrings.
[   20.349357] Key type asymmetric registered
[   20.354745] Asymmetric key parser 'x509' registered
[   20.355801] Block layer SCSI generic (bsg) driver version 0.4 loaded (major 249)
[   20.391395] io scheduler noop registered
[   20.392318] io scheduler deadline registered (default)
[   20.404436] io scheduler cfq registered
[   20.407191] pci_hotplug: PCI Hot Plug PCI Core version: 0.5
[   20.408318] pciehp: PCI Express Hot Plug Controller Driver version: 0.4
[   20.456790] ACPI: AC Adapter [AC] (on-line)
[   20.476749] input: Power Button as /devices/LNXSYSTM:00/LNXPWRBN:00/input/input0
[   20.556039] ACPI: Power Button [PWRF]
[   20.575825] input: Sleep Button as /devices/LNXSYSTM:00/LNXSLPBN:00/input/input1
[   20.607471] ACPI: Sleep Button [SLPF]
[   20.608579] GHES: HEST is not enabled!
[   20.609854] ACPI: Battery Slot [BAT0] (battery present)
[   20.625155] Serial: 8250/16550 driver, 32 ports, IRQ sharing enabled
[   20.651144] 00:02: ttyS0 at I/O 0x3f8 (irq = 4, base_baud = 115200) is a 16550A
[   20.677582] Linux agpgart interface v0.103
[   20.688158] brd: module loaded
[   20.695967] loop: module loaded
[   20.700213] scsi host0: ata_piix
[   20.703899] scsi host1: ata_piix
[   20.704951] ata1: PATA max UDMA/33 cmd 0x1f0 ctl 0x3f6 bmdma 0xd000 irq 14
[   20.715498] ata2: PATA max UDMA/33 cmd 0x170 ctl 0x376 bmdma 0xd008 irq 15
[   20.716999] libphy: Fixed MDIO Bus: probed
[   20.724439] tun: Universal TUN/TAP device driver, 1.6
[   20.727852] tun: (C) 1999-2004 Max Krasnyansky <maxk@qualcomm.com>
[   20.747081] PPP generic driver version 2.4.2
[   20.750647] ehci_hcd: USB 2.0 'Enhanced' Host Controller (EHCI) Driver
[   20.835506] ehci-pci: EHCI PCI platform driver
[   20.912898] ehci-platform: EHCI generic platform driver
[   20.939853] ohci_hcd: USB 1.1 'Open' Host Controller (OHCI) Driver
[   20.960288] ohci-pci: OHCI PCI platform driver
[   20.967693] ohci-platform: OHCI generic platform driver
[   21.004326] uhci_hcd: USB Universal Host Controller Interface driver
[   21.032952] tsc: Refined TSC clocksource calibration: 3102.044 MHz
[   21.032955] clocksource: tsc: mask: 0xffffffffffffffff max_cycles: 0x2cb6d29277a, max_idle_ns: 440795249976 ns
[   21.121215] i8042: PNP: PS/2 Controller [PNP0303:PS2K,PNP0f03:PS2M] at 0x60,0x64 irq 1,12
[   21.139754] serio: i8042 KBD port at 0x60,0x64 irq 1
[   21.144944] serio: i8042 AUX port at 0x60,0x64 irq 12
[   21.153078] mousedev: PS/2 mouse device common for all mice
[   21.20565]inut AT TranlaedSet 2 keyboard as /devices/platform/i8042/serio0/input/input2

[   21.410992] rtc_cmos rtc_cmos: rtc core: registered rtc_cmos as rtc0
[   21.411071] rtc_cmos rtc_cmos: alarms up to one day, 114 bytes nvram
[   21.411088] i2c /dev entries driver
[   21.411334] device-mapper: uevent: version 1.0.3
[   21.411434] device-mapper: ioctl: 4.34.0-ioctl (2015-10-28) initialised: dm-devel@redhat.com
[   21.411458] ledtrig-cpu: registered to indicate activity on CPUs
[   21.412260] NET: Registered protocol family 10
[   21.412895] NET: Registered protocol family 17
[   21.412973] Key type dns_resolver registered
[   21.415840] microcode: CPU0 sig=0x306d4, pf=0x40, revision=0x0
[   21.415859] microcode: CPU1 sig=0x306d4, pf=0x40, revision=0x0
[   21.415934] microcode: Microcode Update Driver: v2.01 <tigran@aivazian.fsnet.co.uk>, Peter Oruba
[   21.416126] registered taskstats version 1
[   21.416145] Loading compiled-in X.509 certificates
[   21.416974] Loaded X.509 cert 'Build time autogenerated kernel key: 5295ae568fdd4deae5e4e5c175542790e6aaeab9'
[   21.417003] zswap: loaded using pool lzo/zbud
[   21.418763] Key type trusted registered
[   21.421900] Key type encrypted registered
[   21.421907] AppArmor: AppArmor sha1 policy hashing enabled
[   21.421910] ima: No TPM chip found, activating TPM-bypass!
[   21.421930] evm: HMAC attrs: 0x1
[   21.422210]   Magic number: 4:948:747
[   21.423876] rtc_cmos rtc_cmos: setting system clock to 2016-10-31 18:42:10 UTC (1477939330)
[   21.424089] BIOS EDD facility v0.16 2004-Jun-25, 0 devices found
[   21.424089] EDD information not available.
[   21.585399] Freeing unused kernel memory: 1480K (ffffffff81f42000 - ffffffff820b4000)
[   21.613492] Write protecting the kernel read-only data: 14336k
[   21.632535] Freeing unused kernel memory: 1820K (ffff880001839000 - ffff880001a00000)
[   21.656916] Freeing unused kernel memory: 152K (ffff880001dda000 - ffff880001e00000)
Loading, please wait...
starting version[   21.727915] random: systemd-udevd: uninitialized urandom read (16 bytes read, 5 bits of entropy available)
 229
[   21.753840] random: systemd-udevd: uninitialized urandom read (16 bytes read, 5 bits of entropy available)
[   21.755049] random: udevadm: uninitialized urandom read (16 bytes read, 5 bits of entropy available)
[   21.755097] random: udevadm: uninitialized urandom read (16 bytes read, 5 bits of entropy available)
[   21.755247] random: udevadm: uninitialized urandom read (16 bytes read, 5 bits of entropy available)
[   21.755302] random: udevadm: uninitialized urandom read (16 bytes read, 5 bits of entropy available)
[   21.755353] random: udevadm: uninitialized urandom read (16 bytes read, 5 bits of entropy available)
[   21.755404] random: udevadm: uninitialized urandom read (16 bytes read, 5 bits of entropy available)
[   21.755458] random: udevadm: uninitialized urandom read (16 bytes read, 5 bits of entropy available)
[   21.755510] random: udevadm: uninitialized urandom read (16 bytes read, 5 bits of entropy available)
[   21.894079] Fusion MPT base driver 3.04.20
[   21.934636] Copyright (c) 1999-2008 LSI Corporation
[   21.941439] e1000: Intel(R) PRO/1000 Network Driver - version 7.3.21-k8-NAPI
[   21.951648] e1000: Copyright (c) 1999-2006 Intel Corporation.
[   21.964292] Fusion MPT SPI Host driver 3.04.20
[   21.985653] AVX version of gcm_enc/dec engaged.
[   22.020534] AES CTR mode by8 optimization enabled
[   22.225983] input: ImExPS/2 Generic Explorer Mouse as /devices/platform/i8042/serio1/input/input4
[   22.470211] e1000 0000:00:03.0 eth0: (PCI:33MHz:32-bit) 02:e3:e0:58:a3:49
[   23.408869] e1000 0000:00:03.0 eth0: Intel(R) PRO/1000 Network Connection
[   23.414773] mptbase: ioc0: Initiating bringup
[   23.458500] e1000 0000:00:03.0 enp0s3: renamed from eth0
[   23.533520] ioc0: LSI53C1030 A0: Capabilities={Initiator}
[   23.699172] scsi host2: ioc0: LSI53C1030 A0, FwRev=00000000h, Ports=1, MaxQ=256, IRQ=20
[   23.818034] scsi 2:0:0:0: Direct-Access     VBOX     HARDDISK         1.0  PQ: 0 ANSI: 5
[   23.829747] scsi target2:0:0: Beginning Domain Validation
[   23.837158] scsi target2:0:0: Domain Validation skipping write tests
[   23.841271] scsi target2:0:0: Ending Domain Validation
[   23.844267] scsi target2:0:0: asynchronous
[   23.875335] scsi 2:0:1:0: Direct-Access     VBOX     HARDDISK         1.0  PQ: 0 ANSI: 5
[   23.945563] scsi target2:0:1: Beginning Domain Validation
[   23.954437] scsi target2:0:1: Domain Validation skipping write tests
[   24.024157] scsi target2:0:1: Ending Domain Validation
[   24.025416] scsi target2:0:1: asynchronous
[   24.063058] sd 2:0:0:0: Attached scsi generic sg0 type 0
[   24.063715] sd 2:0:0:0: [sda] 20971520 512-byte logical blocks: (10.7 GB/10.0 GiB)
[   24.063851] sd 2:0:0:0: [sda] Write Protect is off
[   24.063932] sd 2:0:0:0: [sda] Incomplete mode parameter data
[   24.063933] sd 2:0:0:0: [sda] Assuming drive cache: write through
[   24.077630]  sda: sda1
[   24.078215] sd 2:0:0:0: [sda] Attached SCSI disk
[   24.213671] sd 2:0:1:0: [sdb] 20480 512-byte logical blocks: (10.5 MB/10.0 MiB)
[   24.483923] sd 2:0:1:0: Attached scsi generic sg1 type 0
[   24.484238] sd 2:0:1:0: [sdb] Write Protect is off
[   24.484369] sd 2:0:1:0: [sdb] Incomplete mode parameter data
[   24.484370] sd 2:0:1:0: [sdb] Assuming drive cache: write through
[   24.486101] sd 2:0:1:0: [sdb] Attached SCSI disk
[   24.977604] floppy0: no floppy controllers found
Begin: Loading e[   26.808078] md: linear personality registered for level -1
ssential drivers[   26.819062] md: multipath personality registered for level -4
 ... [   26.860180] md: raid0 personality registered for level 0
[   26.873985] md: raid1 personality registered for level 1
[   26.960946] raid6: sse2x1   gen()  2899 MB/s
[   27.037441] raid6: sse2x1   xor()  3060 MB/s
[   27.105291] raid6: sse2x2   gen()  9298 MB/s
[   27.173068] raid6: sse2x2   xor()  6055 MB/s
[   27.248945] raid6: sse2x4   gen() 10874 MB/s
[   27.325016] raid6: sse2x4   xor()  6528 MB/s
[   27.334007] raid6: using algorithm sse2x4 gen() 10874 MB/s
[   27.343157] raid6: .... xor() 6528 MB/s, rmw enabled
[   27.344679] raid6: using ssse3x2 recovery algorithm
[   27.361456] xor: automatically using best checksumming function:
[   27.409383]    avx       : 21467.000 MB/sec
[   27.429147] async_tx: api initialized (async)
[   27.475379] md: raid6 personality registered for level 6
[   27.478852] md: raid5 personality registered for level 5
[   27.483997] md: raid4 personality registered for level 4
[   27.507483] md: raid10 personality registered for level 10
done.
Begin: Running /scripts/init-premount ... done.
Begin: Mounting root file system ... Begin: Running /scripts/local-top ... done.
Begin: Running /scripts/local-[   27.551876] Btrfs loaded
premount ... Scanning for Btrfs filesystems
done.
Warning: fsck not present, so skipping root file system
[   27.608446] EXT4-fs (sda1): mounted filesystem with ordered data mode. Opts: (null)
done.
Begin: Running /scripts/local-bottom ... done.
Begin: Running /scripts/init-bottom ... Warning: overlayroot: debug is busted
done.
[   27.705311] systemd[1]: systemd 229 running in system mode. (+PAM +AUDIT +SELINUX +IMA +APPARMOR +SMACK +SYSVINIT +UTMP +LIBCRYPTSETUP +GCRYPT +GNUTLS +ACL +XZ -LZ4 +SECCOMP +BLKID +ELFUTILS +KMOD -IDN)
[   27.726729] systemd[1]: Detected virtualization oracle.
[   27.729541] systemd[1]: Detected architecture x86-64.

Welcome to [1mUbuntu 16.04.1 LTS[0m!

[   27.740485] systemd[1]: Set hostname to <ubuntu>.
[   27.744631] systemd[1]: Initializing machine ID from random generator.
[   27.765926] systemd[1]: Installed transient /etc/machine-id file.
[   27.861907] systemd[1]: Started Forward Password Requests to Wall Directory Watch.
[[0;32m  OK  [0m] Started Forward Password Requests to Wall Directory Watch.
[   27.881357] systemd[1]: Reached target User and Group Name Lookups.
[[0;32m  OK  [0m] Reached target User and Group Name Lookups.
[   27.903491] systemd[1]: Listening on LVM2 poll daemon socket.
[[0;32m  OK  [0m] Listening on LVM2 poll daemon socket.
[   27.911706] systemd[1]: Created slice User and Session Slice.
[[0;32m  OK  [0m] Created slice User and Session Slice.
[   27.923116] systemd[1]: Listening on Journal Socket (/dev/log).
[[0;32m  OK  [0m] Listening on Journal Socket (/dev/log).
[  27.945643] systemd]:eachd taret Swap.

[[0;32m  OK  [0m] Reached target Swap.
[   28.301973] systemd[1]: Listening on udev Control Socet

[[0;32m  OK  [0m] Listening on udev Control Socket.
[   28.374143] systemd[1]: Listening on /dev/initctl Compatibility Named Pipe.
[[0;32m  OK  [0m] Listening on /dev/initctl Compatibility Named Pipe.
[   28.377376] systemd[1]: Listening on Journal Audit Socket.
[[0;32m  OK  [0m] Listening on Journal Audit Socket.
[   28.379953] systemd[1]: Listening on Journal Socket.
[[0;32m  OK  [0m] Listening on Journal Socket.
[   28.394882] systemd[1]: Listenin on Syslog Socket.

[[0;32m  OK  [0m] Listening on Syslog Socket.
[   28.426877] systemd[1]: Set up automount Arbitrary Executable File Formats File System Automount Point.
[[0;32m  OK  [0m] Set up automount Arbitrary Executab...ats File System Automount Point.
[   28.444516] systemd[1]: Listening on udev Kernel Socket.
[[0;32m  OK  [0m] Listening on udev Kernel Socket.
[   28.460519] systemd[1]: Listening on Device-mapper event daemon FIFOs.
[[0;32m  OK  [0m] Listening on Device-mapper event daemon FIFOs.
[   28.473301] systemd[1]: Created slice System Slice.
[[0;32m  OK  [0m] Created slice System Slice.
[   28.504248] systemd[1]: Starting Load Kernel Modules...
         Starting Load Kernel Modules...
[   28.512225] Loading iSCSI transport class v2.0-870.
[   28.513196] systemd[1]: Starting Nameserver information manager...
         Starting Nameserver information manager...
[   28.568208] iscsi: registered transport (tcp)
[   28.596858] systemd[1]: Starting Uncomplicated firewall...
         Starting Uncomplicated firewall...
[   28.604973] systemd[1]: Starting Journal Service...
         Starting Journal Service...
[   28.610672] systemd[1]: Mounting Debug File System...
         Mounting Debug F[   28.613869] iscsi: registered transport (iser)
ile System...
[   28.619478] systemd[1]: Starting Remount Root and Kernel File Systems...
[   28.626704] random: nonblocking pool is initialized
         Starting Remount Root and Kernel File Systems...
[   28.641460] systemd[1]: Starting Create list of required static device nodes for the current kernel...
[   28.642162] EXT4-fs (sda1): re-mounted. Opts: (null)
         Starting Create list of required st... nodes for the current kernel...
[   28.653277] systemd[1]: Created slice system-serial\x2dgetty.slice.
[[0;32m  OK  [0m] Created slice system-serial\x2dgetty.slice.
[   28.693083] systemd[1]: Starting Set console keymap...
         Starting Set console keymap...
[   28.700855] systemd[1]: Mounting Huge Pages File System...
         Mounting Huge Pages File System...
[   28.706163] systemd[1]: Mounting POSIX Message Queue File System...
         Mounting POSIX Message Queue File System...
[   28.714858] systemd[1]: Reached target Slices.
[[0;32m  OK  [0m] Reached target Slices.
[   28.733420] systemd[1]: Reached target Encrypted Volumes.
[[0;32m  OK  [0m] Reached target Encrypted Volumes.
[   28.749261] systemd[1]: Listening on LVM2 metadata daemon socket.
[[0;32m  OK  [0m] Listening on LVM2 metadata daemon socket.
[   28.769239] systemd[1]: Starting Monitoring of LVM2 mirrors, snapshots etc. using dmeventd or progress polling...
         Starting Monitoring of LVM2 mirrors... dmeventd or progress polling...
[   28.782264] systemd[1]: Mounted POSIX Message Queue File System.
[[0;32m  OK  [0m] Mounted POSIX Message Queue File System.
[   28.791401] systemd[1]: Mounted Huge Pages File System.
[[0;32m  OK  [0m] Mounted Huge Pages File System.
[   28.823662] systemd[1]: Mounted Debug File System.
[[0;32m  OK  [0m] Mounted Debug File System.
[   28.826352] systemd[1]: Started Journal Service.
[[0;32m  OK  [0m] Started Journal Service.
[[0;32m  OK  [0m] Started Load Kernel Modules.
[[0;32m  OK  [0m] Started Uncomplicated firewall.
[[0;32m  OK  [0m] Started Remount Root and Kernel File Systems.
[[0;32m  OK  [0m] Started Create list of required sta...ce nodes for the current kernel.
[[0;32m  OK  [0m] Started Set console keymap.
[[0;32m  OK  [0m] Started Nameserver information manager.
[[0;32m  OK  [0m] Started LVM2 metadata daemon.
         Starting Create Static Device Nodes in /dev...
         Starting udev Coldplug all Devices...
         Starting Load/Save Random Seed...
         Starting Apply Kernel Variables...
         Mounting FUSE Control File System...
         Starting Flush Journal to Persistent Storage...
[[0;32m  OK  [0m] Mounted FUSE Control File System.
[[0;32m  OK  [0m] Started Create Static Device Nodes in /dev.
[[0;32m  OK  [0m] Started Load/Save Random Seed.
[[0;32m  OK  [0m] Started Apply Kernel Variables.
[[0;32m  OK  [0m] Started udev Coldplug all Devices.
[[0;32m  OK  [0m] Started Flush Journal to Persistent Storage.
         Starting udev Kernel Device Manager...
[[0;32m  OK  [0m] Started udev Kernel Device Manager.
[[0;32m  OK  [0m] Started Monitoring of LVM2 mirrors,...ng dmeventd or progress polling.
[[0;32m  OK  [0m] Started Dispatch Password Requests to Console Directory Watch.
[[0;32m  OK  [0m] Reached target Local File Systems (Pre).
[[0;32m  OK  [0m] Reached target Local File Systems.
         Starting Set console font and keymap...
         Starting Create Volatile Files and Directories...
         Starting Run snappy firstboot setup...
         Starting Initial cloud-init job (pre-networking)...
         Starting Tell Plymouth To Write Out Runtime Data...
         Starting Commit a transient machine-id on disk...
         Starting LSB: AppArmor initialization...
[[0;32m  OK  [0m] Started Create Volatile Files and Directories.
[[0;32m  OK  [0m] Started Run snappy firstboot setup.
[[0;32m  OK  [0m] Started Tell Plymouth To Write Out Runtime Data.
[[0;32m  OK  [0m] Started Commit a transient machine-id on disk.
[[0;32m  OK  [0m] Found device /dev/ttyS0.
[[0;32m  OK  [0m] Listening on Load/Save RF Kill Switch Status /dev/rfkill Watch.
[[0;32m  OK  [0m] Reached target System Time Synchronized.
         Starting Update UTMP about System Boot/Shutdown...
[[0;32m  OK  [0m] Started Set console font and keymap.
[[0;32m  OK  [0m] Created slice system-getty.slice.
[[0;32m  OK  [0m] Started Update UTMP about System Boot/Shutdown.
[   15.101283] cloud-init[582]: Cloud-init v. 0.7.8 running 'init-local' at Mon, 31 Oct 2016 18:42:20 +0000. Up 14.32 seconds.
[[0;32m  OK  [0m] Started Initial cloud-init job (pre-networking).
[[0;32m  OK  [0m] Reached target Network (Pre).
[[0;32m  OK  [0m] Started LSB: AppArmor initialization.
[[0;32m  OK  [0m] Reached target System Initialization.
         Starting Socket activation for snappy daemon.
[[0;32m  OK  [0m] Started Daily apt activities.
[[0;32m  OK  [0m] Started Daily Cleanup of Temporary Directories.
[[0;32m  OK  [0m] Listening on D-Bus System Message Bus Socket.
         Starting LXD - unix socket.
[[0;32m  OK  [0m] Started Trigger resolvconf update for networkd DNS.
[[0;32m  OK  [0m] Started Timer to automatically refresh installed snaps.
[[0;32m  OK  [0m] Reached target Timers.
[[0;32m  OK  [0m] Started ACPI Events Check.
[[0;32m  OK  [0m] Reached target Paths.
[[0;32m  OK  [0m] Listening on ACPID Listen Socket.
[[0;32m  OK  [0m] Listening on UUID daemon activation socket.
         Starting Raise network interfaces...
[[0;32m  OK  [0m] Listening on Socket activation for snappy daemon.
[[0;32m  OK  [0m] Listening on LXD - unix socket.
[[0;32m  OK  [0m] Reached target Sockets.
[[0;32m  OK  [0m] Reached target Basic System.
         Starting LSB: Record successful boot for GRUB...
[[0;32m  OK  [0m] Started Deferred execution scheduler.
         Starting Login Service...
[[0;32m  OK  [0m] Started Regular background program processing daemon.
         Starting Accounts Service...
         Starting System Logging Service...
         Starting LSB: MD monitoring daemon...
         Starting LXD - container startup/shutdown...
[[0;32m  OK  [0m] Started D-Bus System Message Bus.
[[0;32m  OK  [0m] Started ACPI event daemon.
[[0;32m  OK  [0m] Started FUSE filesystem for LXC.
[[0;32m  OK  [0m] Started Snappy daemon.
[[0;32m  OK  [0m] Started LSB: Record successful boot for GRUB.
[[0;32m  OK  [0m] Started LSB: MD monitoring daemon.
[[0;32m  OK  [0m] Started LXD - container startup/shutdown.
[[0;32m  OK  [0m] Started Login Service.
         Starting Authenticate and Authorize Users to Run Privileged Tasks...
[[0;32m  OK  [0m] Started Authenticate and Authorize Users to Run Privileged Tasks.
[[0;32m  OK  [0m] Started Accounts Service.
[[0;32m  OK  [0m] Started Raise network interfaces.
         Starting Initial cloud-init job (metadata service crawler)...
[[0;32m  OK  [0m] Reached target Network.
[   17.439808] cloud-init[992]: Cloud-init v. 0.7.8 running 'init' at Mon, 31 Oct 2016 18:42:22 +0000. Up 16.75 seconds.
[   17.454321] cloud-init[992]: ci-info: +++++++++++++++++++++++++++++++++++++Net device info++++++++++++++++++++++++++++++++++++++
[   17.482063] cloud-init[992]: ci-info: +--------+------+----------------------------+---------------+-------+-------------------+
[   17.517519] [cloud-init[0;32m  OK  [0m[992]: ] ci-info: | Device |  Up  |          Address           |      Mask     | Scope |     Hw-Address    |Started Initial cloud-init job (metadata service crawler).

[   17.526249] cloud-init[992]: ci-info: +--------+------+----------------------------+---------------+-------+-------------------+
[[0;32m  OK  [0m] Reached target Cloud-config availability.
[[0;32m  OK  [0m] Reached target Network is Online.
[   17.547991] cloud-init[992]: ci-info: | enp0s3 | True |         10.0.2.15          | 255.255.255.0 |   .   | 02:e3:e0:58:a3:49 |
[   17.664945]          cloud-initStarting Apply the settings specified in cloud-config...[992]: 
ci-info: | enp0s3 | True | fe80::e3:e0ff:fe58:a349/64 |       .       |  link | 02:e3:e0:58:a3:49 |
[   17.688308]          cloud-initStarting iSCSI initiator daemon (iscsid)...[992]: 
ci-info: |   lo   | True |         127.0.0.1          |   255.0.0.0   |   .   |         .         |
[   17.765159] cloud-init[992]: ci-info: |   lo   | True |          ::1/128           |       .       |  host |         .         |
[   17.765645] cloud-init[992]: ci-info: +--------+------+----------------------------+---------------+-------+-------------------+
[   17.765700] cloud-init[992]: ci-info: +++++++++++++++++++++++++++Route IPv4 info++++++++++++++++++++++++++++
[   17.765741] cloud-init[992]: ci-info: +-------+-------------+----------+---------------+-----------+-------+
[   17.765804] cloud-init[992]: ci-info: | Route | Destination | Gateway  |    Genmask    | Interface | Flags |
         Starting /etc/rc.local Compatibility...
[   17.765844] cloud-init[992]: ci-info: +-------+-------------+----------+---------------+-----------+-------+
[   17.926745] cloud-init[992]: ci-info: |   0   |   0.0.0.0   | 10.0.2.2 |    0.0.0.0    |   enp0s3  |   UG  |
[   17.954624]          cloud-initStarting Pollinate to seed the pseudo random number generator...[992]: 
ci-info: |   1   |   10.0.2.0  | 0.0.0.0  | 255.255.255.0 |   enp0s3  |   U   |
[   17.986475] [cloud-init[992]: [0;32m  OK  [0mci-info: +-------+-------------+----------+---------------+-----------+-------+] 
Started /etc/rc.local Compatibility.
[   17.987009] cloud-init[992]: Generating public/private rsa key pair.
[   18.121147] [[0;32m  OK  [0m] Started iSCSI initiator daemon (iscsid).
cloud-init[992]: Your identification has been saved in /etc/ssh/ssh_host_rsa_key.
[   18.145721] cloud-init[992]: Your public key has been saved in /etc/ssh/ssh_host_rsa_key.pub.
[   18.252573]          cloud-initStarting Login to default iSCSI targets...[992]: 
The key fingerprint is:
[   18.262159] cloud-init[992]: SHA256:2gZqjEurDU2dDTi9QOrCs2nykHmHn6IedQvdkXRaB88 root@ubuntu-xenial
[   18.270762] cloud-init[992]: The key's randomart image is:
[   18.280745] cloud-init[992]: +---[RSA 2048]----+
[   18.286435] cloud-init[992]: |  .    . +..     |
[   18.289180] cloud-init[992]: | o o  . = +      |
[   18.292087] cloud-init[992]: |. + o  +   E     |
[   18.297896] cloud-init[992]: |o  +.=. .        |
[   18.307263] cloud-init[992]: |.+.o+oo.S        |
[   18.315239] cloud-init[992]: |.==+o..+         |
[[0;32m  OK  [0m] Started Login to default iSCSI targets.
[   18.337398] cloud-init[992]: |*=* =.. o        |
[[0;32m  OK  [0m] Reached target Remote File Systems (Pre).
[   18.358671] cloud-init[992]: |oBo* . .         |
[   18.374977] cloud-init[992]: |++=.o            |
[   18.389439] cloud-init[992]: +----[SHA256]-----+
[   18.413872] cloud-init[992]: Generating public/private dsa key pair.
[[0;32m  OK  [0m] Reached target Remote File Systems.
[   18.426020] cloud-init[992]: Your identification has been saved in /etc/ssh/ssh_host_dsa_key.
[   18.459253]          Starting LSB: automatic crash report generation...
         Starting LSB: daemon to balance interrupts for SMP systems...
cloud-init[992]: Your public key has been saved in /etc/ssh/ssh_host_dsa_key.pub.
[   18.485046]          cloud-initStarting LSB: Set the CPU Frequency Scaling governor to "ondemand"...[992]: 
The key fingerprint is:
[   18.644711]          cloud-initStarting LSB: VirtualBox Linux Additions...[992]: 
SHA256:eHHK4ZOcpIXRuw8QJzTnSvGzLGRdOwhZbEUB5epBZM4 root@ubuntu-xenial
[   18.694964]          cloud-initStarting Permit User Sessions...[992]: 
The key's randomart image is:
[   18.729586] [cloud-init[0;32m  OK  [0m[992]: ] +---[DSA 1024]----+Started Permit User Sessions.

[   18.730592] cloud-init[992]: |     .*=*=*.     |
[   18.747466] cloud-init[992]: |      +/=+ .     |
[   18.758144] cloud-init[992]: [[0;32m  OK  [0m] Started LSB: Set the CPU Frequency Scaling governor to "ondemand".
|      ==E.=      |
[   18.808901] cloud-init[992]: |     +.%.@ .     |
[   18.815054] cloud-init[992]: |      =.S.       |
[   18.836859]          cloud-initStarting Hold until boot process finishes up...[992]: 
|       +oo       |
[   18.888348]          cloud-initStarting Terminate Plymouth Boot Screen...[992]: 
|        .o       |
[   19.016433] [[0;32m  OK  [0m] Started LSB: automatic crash report generation.
cloud-init[992]: |          .      |
[   19.024122] [cloud-init[0;32m  OK  [0m[992]: ] |                 |Started Pollinate to seed the pseudo random number generator.

[   19.025041] cloud-init[992]: +----[SHA256]-----+
[[0;32m  OK  [0m] Started LSB: daemon to balance interrupts for SMP systems.
[[0;32m  OK  [0m] Started LSB: VirtualBox Linux Additions.
[   19.119059] cloud-init[992]: Generating public/private ecdsa key pair.
[   19.191872] cloud-init[992]: Your identification has been saved in /etc/ssh/ssh_host_ecdsa_key.
[[0;32m  OK  [0m] Started Hold until boot process finishes up.
[   19.233860] cloud-init[992]: Your public key has been saved in /etc/ssh/ssh_host_ecdsa_key.pub.
[   19.266495] cloud-init[992]: The key fingerprint is:
[[0;32m  OK  [0m] Started Terminate Plymouth Boot Screen.
[   19.282909] cloud-init[992]: SHA256:28TSSHF2mneMW4rhVby5h+HJgbvwTBKB8/WTaLT/iW4 root@ubuntu-xenial
[   19.340932] cloud-init[992]: The key's randomart image is:
[   19.346773] cloud-init[992]: +---[ECDSA 256]---+
[   19.352175] cloud-init[992]: |        ..o ...  |
[   19.358718] cloud-init[992]: |        o+.+o+.  |
[   19.363636] cloud-init[992]: |        .o+++=++ |
[   19.428363] cloud-init[992]: |       . =o===O  |
         Starting Set console scheme...
[   19.491813] cloud-init[992]: |        S *oo= B |
[   19.518459] cloud-init[992]: |         =o o B .|
[[0;32m  OK  [0m] Started Serial Getty on ttyS0.
[   19.527592] cloud-init[992]: |        . .* ..o.|
[   19.549208] [[0;32m  OK  [0m] Started Getty on tty1.
[[0;32m  OK  [0m] Reached target Login Prompts.
cloud-init[992]: |            +E ..|
         Starting OpenBSD Secure Shell server...
[[0;32m  OK  [0m] Started Set console scheme.
[[0;32m  OK  [0m] Started OpenBSD Secure Shell server.
[   19.565449] cloud-init[992]: |            o.   |
[   19.614059] cloud-init[992]: +----[SHA256]-----+
[   19.627189] cloud-init[992]: Generating public/private ed25519 key pair.
[   19.648623] cloud-init[992]: Your identification has been saved in /etc/ssh/ssh_host_ed25519_key.
[   19.728374] cloud-init[992]: Your public key has been saved in /etc/ssh/ssh_host_ed25519_key.pub.
[   19.777076] cloud-init[992]: The key fingerprint is:
[   19.820438] cloud-init[992]: SHA256:X24PvGCwS69du8oTCDQLiA9e0djNSe8KmTDPmlq1Vhg root@ubuntu-xenial
[   19.842908] cloud-init[992]: The key's randomart image is:
[   19.854675] cloud-init[992]: +--[ED25519 256]--+
[   19.867721] cloud-init[992]: | . o= +..        |
[   19.892197] cloud-init[992]: |o .o.oo+.        |
[   19.917112] cloud-init[992]: |.o.o E o .       |
[   19.948569] cloud-init[992]: | .. = B .        |
[   19.976520] cloud-init[992]: |     O oSo  .    |
[   19.996377] cloud-init[992]: |    + + o+.+     |
[   20.036567] cloud-init[992]: |   + o .o +.*    |
[   20.068516] cloud-init[992]: |  o .  . *.+ =   |
[   20.092609] cloud-init[992]: | .      o.=o+..  |
[   20.124623] cloud-init[992]: +----[SHA256]-----+
[   20.158333] cloud-init[1073]: Generating locales (this might take a while)...
[   20.403785] cloud-init[1073]:   en_US.UTF-8... done
[   20.429072] cloud-init[1073]: Generation complete.
         Stopping OpenBSD Secure Shell server...
[[0;32m  OK  [0m] Stopped OpenBSD Secure Shell server.
         Starting OpenBSD Secure Shell server...
[[0;32m  OK  [0m] Started OpenBSD Secure Shell server.
[[0;32m  OK  [0m] Created slice User Slice of ubuntu.
         Starting User Manager for UID 1000...
[[0;32m  OK  [0m] Started Session 1 of user ubuntu.
[[0;32m  OK  [0m] Started User Manager for UID 1000.
[   21.384349] cloud-init[1073]: Cloud-init v. 0.7.8 running 'modules:config' at Mon, 31 Oct 2016 18:42:23 +0000. Up 17.93 seconds.
[[0;32m  OK  [0m] Started Apply the settings specified in cloud-config.
[[0;32m  OK  [0m] Started Session 2 of user ubuntu.
         Starting Hostname Service...
[[0;32m  OK  [0m] Started Hostname Service.

Ubuntu 16.04.1 LTS dev ttyS0

dev login: ci-info: +++++Authorized keys from /home/ubuntu/.ssh/authorized_keys for user ubuntu++++++
ci-info: +---------+-------------------------------------------------+---------+---------+
ci-info: | Keytype |                Fingerprint (md5)                | Options | Comment |
ci-info: +---------+-------------------------------------------------+---------+---------+
ci-info: | ssh-rsa | 7d:88:44:9f:65:dc:d8:f3:79:fa:a1:04:44:04:47:b3 |    -    | vagrant |
ci-info: +---------+-------------------------------------------------+---------+---------+
<14>Oct 31 18:42:52 ec2: 
<14>Oct 31 18:42:52 ec2: #############################################################
<14>Oct 31 18:42:52 ec2: -----BEGIN SSH HOST KEY FINGERPRINTS-----
<14>Oct 31 18:42:52 ec2: 1024 SHA256:eHHK4ZOcpIXRuw8QJzTnSvGzLGRdOwhZbEUB5epBZM4 root@ubuntu-xenial (DSA)
<14>Oct 31 18:42:52 ec2: 256 SHA256:28TSSHF2mneMW4rhVby5h+HJgbvwTBKB8/WTaLT/iW4 root@ubuntu-xenial (ECDSA)
<14>Oct 31 18:42:52 ec2: 256 SHA256:X24PvGCwS69du8oTCDQLiA9e0djNSe8KmTDPmlq1Vhg root@ubuntu-xenial (ED25519)
<14>Oct 31 18:42:52 ec2: 2048 SHA256:2gZqjEurDU2dDTi9QOrCs2nykHmHn6IedQvdkXRaB88 root@ubuntu-xenial (RSA)
<14>Oct 31 18:42:52 ec2: -----END SSH HOST KEY FINGERPRINTS-----
<14>Oct 31 18:42:52 ec2: #############################################################
-----BEGIN SSH HOST KEY KEYS-----
ecdsa-sha2-nistp256 AAAAE2VjZHNhLXNoYTItbmlzdHAyNTYAAAAIbmlzdHAyNTYAAABBBMEPhVB2kWRf5NvdIA39NGqAOaYqxJl/ETtqFY/xZWeVREKa4mQrp7EOtEI2E2TQ0Phy6ufYguKZUIaygVTosoQ= root@ubuntu-xenial
ssh-ed25519 AAAAC3NzaC1lZDI1NTE5AAAAIMq0bsTcMTvdIncb4NeynbQy90Qhdq6SMRLG4QcdF2vy root@ubuntu-xenial
ssh-rsa AAAAB3NzaC1yc2EAAAADAQABAAABAQCprYHKB4XcCPpz43okKsKdutM1Mz8fAgoerI+IGegIDFzXS20sjWmVf3xPMRh4py/WnqCLhcBtoLbpOelHWmz81aANfBUauOCAnIC2jDNMw8Pbv94WU7TGjim/yK18icSK1TRELnDxfaayzyMBFI7y/FcfWkwS6lvXD3D0WnYDZCpsh/sbGqHj07viZZRMysCYm1KH6KXf/m6U5/w1qQX/uXGB42L7KSWtiUcXckxLtysEJFI5R30AswS6HS0Xlc0PlyRhZGjLatwExPLisxqHrVAz3Roi1ozIQ0JtjslzWGQCk3PwZH8I6OH3tfzxer0aOq/G3SCe8Rp3uYqwwpEB root@ubuntu-xenial
-----END SSH HOST KEY KEYS-----
[   46.598019] cloud-init[2327]: Cloud-init v. 0.7.8 running 'modules:final' at Mon, 31 Oct 2016 18:42:52 +0000. Up 46.40 seconds.
[   46.598226] cloud-init[2327]: Cloud-init v. 0.7.8 finished at Mon, 31 Oct 2016 18:42:52 +0000. Datasource DataSourceNoCloud [seed=/dev/sdb][dsmode=net].  Up 46.58 seconds
[  382.603375] sd 2:0:0:0: [sda] tag#3 Medium access timeout failure. Offlining disk!
[  392.766746] blk_update_request: I/O error, dev sda, sector 4976104
[  392.785802] Buffer I/O error on device sda1, logical block 621757
[  392.850295] sd 2:0:0:0: rejecting I/O to offline device
[  392.900466] sd 2:0:0:0: rejecting I/O to offline device
[  392.934091] Buffer I/O error on device sda1, logical block 1084220
[  392.946896] sd 2:0:0:0: rejecting I/O to offline device
[  392.948934] Buffer I/O error on device sda1, logical block 1084224
[  392.975270] sd 2:0:0:0: rejecting I/O to offline device
[  392.993344] Buffer I/O error on device sda1, logical block 1084260
[  392.995055] Buffer I/O error on device sda1, logical block 1084261
[  393.045384] Buffer I/O error on device sda1, logical block 1084262
[  393.063189] Buffer I/O error on device sda1, logical block 1084263
[  393.068989] sd 2:0:0:0: rejecting I/O to offline device
[  393.151786] Buffer I/O error on device sda1, logical block 1084270
[  393.246790] Buffer I/O error on device sda1, logical block 1084271
[  393.291000] Buffer I/O error on device sda1, logical block 1084272
[  393.299781] sd 2:0:0:0: rejecting I/O to offline device
[  393.314055] sd 2:0:0:0: rejecting I/O to offline device
[  393.328264] sd 2:0:0:0: rejecting I/O to offline device
[  393.335315] sd 2:0:0:0: rejecting I/O to offline device
[  393.340534] sd 2:0:0:0: rejecting I/O to offline device
[  393.341787] sd 2:0:0:0: rejecting I/O to offline device
[  393.344454] sd 2:0:0:0: rejecting I/O to offline device
[  393.352050] sd 2:0:0:0: rejecting I/O to offline device
[  393.362008] sd 2:0:0:0: rejecting I/O to offline device
[  393.363226] sd 2:0:0:0: rejecting I/O to offline device
[  393.375430] sd 2:0:0:0: rejecting I/O to offline device
[  393.378324] sd 2:0:0:0: rejecting I/O to offline device
[  393.379892] sd 2:0:0:0: rejecting I/O to offline device
[  393.381950] sd 2:0:0:0: rejecting I/O to offline device
[  393.383288] sd 2:0:0:0: rejecting I/O to offline device
[  393.384821] sd 2:0:0:0: rejecting I/O to offline device
[  393.387826] sd 2:0:0:0: rejecting I/O to offline device
[  393.400529] sd 2:0:0:0: rejecting I/O to offline device
[  393.401841] sd 2:0:0:0: rejecting I/O to offline device
[  393.406149] sd 2:0:0:0: rejecting I/O to offline device
[  393.407308] sd 2:0:0:0: rejecting I/O to offline device
[  393.408925] sd 2:0:0:0: rejecting I/O to offline device
[  393.410088] sd 2:0:0:0: rejecting I/O to offline device
[  393.424770] sd 2:0:0:0: rejecting I/O to offline device
[  393.433073] sd 2:0:0:0: rejecting I/O to offline device
[  393.436345] sd 2:0:0:0: rejecting I/O to offline device
[  393.440403] sd 2:0:0:0: rejecting I/O to offline device
[  393.441519] sd 2:0:0:0: rejecting I/O to offline device
[  393.460894] sd 2:0:0:0: rejecting I/O to offline device
[  393.481597] sd 2:0:0:0: rejecting I/O to offline device
[  393.482737] sd 2:0:0:0: rejecting I/O to offline device
[  393.483670] sd 2:0:0:0: rejecting I/O to offline device
[  393.492657] sd 2:0:0:0: rejecting I/O to offline device
[  393.506962] sd 2:0:0:0: rejecting I/O to offline device
[  393.509567] sd 2:0:0:0: rejecting I/O to offline device
[  393.513166] sd 2:0:0:0: rejecting I/O to offline device
[  393.515483] sd 2:0:0:0: rejecting I/O to offline device
[  393.521662] sd 2:0:0:0: rejecting I/O to offline device
[  393.539822] sd 2:0:0:0: rejecting I/O to offline device
[  393.564134] sd 2:0:0:0: rejecting I/O to offline device
[  393.657739] sd 2:0:0:0: rejecting I/O to offline device
[  393.732103] sd 2:0:0:0: rejecting I/O to offline device
[  393.771220] sd 2:0:0:0: rejecting I/O to offline device
[  393.779071] sd 2:0:0:0: rejecting I/O to offline device
[  393.810254] sd 2:0:0:0: rejecting I/O to offline device
[  393.811474] sd 2:0:0:0: rejecting I/O to offline device
[  393.869372] sd 2:0:0:0: rejecting I/O to offline device
[  393.932719] sd 2:0:0:0: rejecting I/O to offline device
[  393.945242] sd 2:0:0:0: rejecting I/O to offline device
[  393.947449] sd 2:0:0:0: rejecting I/O to offline device
[  394.012511] sd 2:0:0:0: rejecting I/O to offline device
[  394.043426] sd 2:0:0:0: rejecting I/O to offline device
[  394.062415] sd 2:0:0:0: rejecting I/O to offline device
[  394.098989] blk_update_request: I/O error, dev sda, sector 8676864
[  394.101989] Aborting journal on device sda1-8.
[  394.101996] sd 2:0:0:0: rejecting I/O to offline device
[  394.102000] JBD2: Error -5 detected when updating journal superblock for sda1-8.
[  394.103297] EXT4-fs error (device sda1) in ext4_do_update_inode:4651: Journal has aborted
[  394.103330] sd 2:0:0:0: rejecting I/O to offline device
[  394.103340] sd 2:0:0:0: rejecting I/O to offline device
[  394.103354] sd 2:0:0:0: rejecting I/O to offline device
[  394.103464] sd 2:0:0:0: rejecting I/O to offline device
[  394.103561] sd 2:0:0:0: rejecting I/O to offline device
[  394.103712] sd 2:0:0:0: rejecting I/O to offline device
[  394.103834] sd 2:0:0:0: rejecting I/O to offline device
[  394.103913] sd 2:0:0:0: rejecting I/O to offline device
[  394.103995] sd 2:0:0:0: rejecting I/O to offline device
[  394.104084] sd 2:0:0:0: rejecting I/O to offline device
[  394.104581] sd 2:0:0:0: rejecting I/O to offline device
[  394.104761] sd 2:0:0:0: rejecting I/O to offline device
[  394.104849] sd 2:0:0:0: rejecting I/O to offline device
[  394.104962] sd 2:0:0:0: rejecting I/O to offline device
[  394.105010] EXT4-fs error (device sda1): mpage_map_and_submit_extent:2312: comm kworker/u4:0: Failed to mark inode 285175 dirty
[  394.105012] EXT4-fs (sda1): previous I/O error to superblock detected
[  394.105027] sd 2:0:0:0: rejecting I/O to offline device
[  394.105032] EXT4-fs error (device sda1) in ext4_writepages:2614: IO failure
[  394.105033] EXT4-fs (sda1): previous I/O error to superblock detected
[  394.105035] sd 2:0:0:0: rejecting I/O to offline device
[  394.105047] EXT4-fs (sda1): previous I/O error to superblock detected
[  394.105051] sd 2:0:0:0: rejecting I/O to offline device
[  394.105054] sd 2:0:0:0: rejecting I/O to offline device
[  394.105056] EXT4-fs error (device sda1): ext4_journal_check_start:56: Detected aborted journal
[  394.105057] EXT4-fs (sda1): Remounting filesystem read-only
[  394.105057] EXT4-fs (sda1): previous I/O error to superblock detected
[  394.105060] sd 2:0:0:0: rejecting I/O to offline device
[  394.105062] EXT4-fs (sda1): ext4_writepages: jbd2_start: 7168 pages, ino 285176; err -30
[  394.105587] sd 2:0:0:0: rejecting I/O to offline device
[  394.105592] sd 2:0:0:0: rejecting I/O to offline device
[  394.105595] sd 2:0:0:0: rejecting I/O to offline device
[  394.105597] sd 2:0:0:0: rejecting I/O to offline device
[  394.105599] sd 2:0:0:0: rejecting I/O to offline device
[  394.105602] sd 2:0:0:0: rejecting I/O to offline device
[  394.105604] sd 2:0:0:0: rejecting I/O to offline device
[  394.105606] sd 2:0:0:0: rejecting I/O to offline device
[  394.105609] sd 2:0:0:0: rejecting I/O to offline device
[  394.105611] sd 2:0:0:0: rejecting I/O to offline device
[  394.105613] sd 2:0:0:0: rejecting I/O to offline device
[  394.105616] sd 2:0:0:0: rejecting I/O to offline device
[  394.105618] sd 2:0:0:0: rejecting I/O to offline device
[  394.105647] sd 2:0:0:0: rejecting I/O to offline device
[  394.105676] sd 2:0:0:0: rejecting I/O to offline device
[  394.105708] sd 2:0:0:0: rejecting I/O to offline device
[  394.106111] sd 2:0:0:0: rejecting I/O to offline device
[  394.106118] sd 2:0:0:0: rejecting I/O to offline device
[  394.106124] sd 2:0:0:0: rejecting I/O to offline device
[  394.106126] sd 2:0:0:0: rejecting I/O to offline device
[  394.106129] sd 2:0:0:0: rejecting I/O to offline device
[  394.106135] sd 2:0:0:0: rejecting I/O to offline device
[  394.106138] sd 2:0:0:0: rejecting I/O to offline device
[  394.106165] sd 2:0:0:0: rejecting I/O to offline device
[  394.106191] sd 2:0:0:0: rejecting I/O to offline device
[  394.106201] sd 2:0:0:0: rejecting I/O to offline device
[  394.106228] sd 2:0:0:0: rejecting I/O to offline device
[  394.106253] sd 2:0:0:0: rejecting I/O to offline device
[  394.106259] sd 2:0:0:0: rejecting I/O to offline device
[  394.106276] sd 2:0:0:0: rejecting I/O to offline device
[  394.106280] sd 2:0:0:0: rejecting I/O to offline device
[  394.106282] sd 2:0:0:0: rejecting I/O to offline device
[  394.106443] sd 2:0:0:0: rejecting I/O to offline device
[  394.106457] sd 2:0:0:0: rejecting I/O to offline device
[  394.106460] sd 2:0:0:0: rejecting I/O to offline device
[  394.106465] sd 2:0:0:0: rejecting I/O to offline device
[  394.106469] sd 2:0:0:0: rejecting I/O to offline device
[  394.106471] sd 2:0:0:0: rejecting I/O to offline device
[  394.106475] sd 2:0:0:0: rejecting I/O to offline device
[  394.106479] sd 2:0:0:0: rejecting I/O to offline device
[  394.106482] sd 2:0:0:0: rejecting I/O to offline device
[  394.106485] sd 2:0:0:0: rejecting I/O to offline device
[  394.106487] sd 2:0:0:0: rejecting I/O to offline device
[  394.106489] sd 2:0:0:0: rejecting I/O to offline device
[  394.106498] sd 2:0:0:0: rejecting I/O to offline device
[  394.106499] sd 2:0:0:0: rejecting I/O to offline device
[  394.106502] sd 2:0:0:0: rejecting I/O to offline device
[  394.106525] sd 2:0:0:0: rejecting I/O to offline device
[  394.106686] sd 2:0:0:0: rejecting I/O to offline device
[  394.106690] sd 2:0:0:0: rejecting I/O to offline device
[  394.106723] sd 2:0:0:0: rejecting I/O to offline device
[  394.106739] sd 2:0:0:0: rejecting I/O to offline device
[  394.106744] sd 2:0:0:0: rejecting I/O to offline device
[  394.106756] sd 2:0:0:0: rejecting I/O to offline device
[  394.106760] sd 2:0:0:0: rejecting I/O to offline device
[  394.106762] sd 2:0:0:0: rejecting I/O to offline device
[  394.106764] sd 2:0:0:0: rejecting I/O to offline device
[  394.106766] sd 2:0:0:0: rejecting I/O to offline device
[  394.106768] sd 2:0:0:0: rejecting I/O to offline device
[  394.106770] sd 2:0:0:0: rejecting I/O to offline device
[  394.106772] sd 2:0:0:0: rejecting I/O to offline device
[  394.106774] sd 2:0:0:0: rejecting I/O to offline device
[  394.106776] sd 2:0:0:0: rejecting I/O to offline device
[  394.106778] sd 2:0:0:0: rejecting I/O to offline device
[  394.106805] sd 2:0:0:0: rejecting I/O to offline device
[  394.106807] sd 2:0:0:0: rejecting I/O to offline device
[  394.106809] sd 2:0:0:0: rejecting I/O to offline device
[  394.106811] sd 2:0:0:0: rejecting I/O to offline device
[  394.106814] sd 2:0:0:0: rejecting I/O to offline device
[  394.106816] sd 2:0:0:0: rejecting I/O to offline device
[  394.106818] sd 2:0:0:0: rejecting I/O to offline device
[  394.106820] sd 2:0:0:0: rejecting I/O to offline device
[  394.106822] sd 2:0:0:0: rejecting I/O to offline device
[  394.106824] sd 2:0:0:0: rejecting I/O to offline device
[  394.106826] sd 2:0:0:0: rejecting I/O to offline device
[  394.106827] sd 2:0:0:0: rejecting I/O to offline device
[  394.106829] sd 2:0:0:0: rejecting I/O to offline device
[  394.106831] sd 2:0:0:0: rejecting I/O to offline device
[  394.106833] sd 2:0:0:0: rejecting I/O to offline device
[  394.106835] sd 2:0:0:0: rejecting I/O to offline device
[  394.106861] sd 2:0:0:0: rejecting I/O to offline device
[  394.106863] sd 2:0:0:0: rejecting I/O to offline device
[  394.106865] sd 2:0:0:0: rejecting I/O to offline device
[  394.106866] sd 2:0:0:0: rejecting I/O to offline device
[  394.106868] sd 2:0:0:0: rejecting I/O to offline device
[  394.106870] sd 2:0:0:0: rejecting I/O to offline device
[  394.106872] sd 2:0:0:0: rejecting I/O to offline device
[  394.106874] sd 2:0:0:0: rejecting I/O to offline device
[  394.106875] sd 2:0:0:0: rejecting I/O to offline device
[  394.106877] sd 2:0:0:0: rejecting I/O to offline device
[  394.106880] sd 2:0:0:0: rejecting I/O to offline device
[  394.106882] sd 2:0:0:0: rejecting I/O to offline device
[  394.106884] sd 2:0:0:0: rejecting I/O to offline device
[  394.106886] sd 2:0:0:0: rejecting I/O to offline device
[  394.106887] sd 2:0:0:0: rejecting I/O to offline device
[  394.106889] sd 2:0:0:0: rejecting I/O to offline device
[  394.106915] sd 2:0:0:0: rejecting I/O to offline device
[  394.106916] sd 2:0:0:0: rejecting I/O to offline device
[  394.106917] sd 2:0:0:0: rejecting I/O to offline device
[  394.106919] sd 2:0:0:0: rejecting I/O to offline device
[  394.106920] sd 2:0:0:0: rejecting I/O to offline device
[  394.106922] sd 2:0:0:0: rejecting I/O to offline device
[  394.106923] sd 2:0:0:0: rejecting I/O to offline device
[  394.106924] sd 2:0:0:0: rejecting I/O to offline device
[  394.106925] sd 2:0:0:0: rejecting I/O to offline device
[  394.106926] sd 2:0:0:0: rejecting I/O to offline device
[  394.106928] sd 2:0:0:0: rejecting I/O to offline device
[  394.106929] sd 2:0:0:0: rejecting I/O to offline device
[  394.106930] sd 2:0:0:0: rejecting I/O to offline device
[  394.106931] sd 2:0:0:0: rejecting I/O to offline device
[  394.106933] sd 2:0:0:0: rejecting I/O to offline device
[  394.106934] sd 2:0:0:0: rejecting I/O to offline device
[  394.107016] sd 2:0:0:0: rejecting I/O to offline device
[  394.107017] sd 2:0:0:0: rejecting I/O to offline device
[  394.107019] sd 2:0:0:0: rejecting I/O to offline device
[  394.107020] sd 2:0:0:0: rejecting I/O to offline device
[  394.107021] sd 2:0:0:0: rejecting I/O to offline device
[  394.107023] sd 2:0:0:0: rejecting I/O to offline device
[  394.107024] sd 2:0:0:0: rejecting I/O to offline device
[  394.107025] sd 2:0:0:0: rejecting I/O to offline device
[  394.107027] sd 2:0:0:0: rejecting I/O to offline device
[  394.107028] sd 2:0:0:0: rejecting I/O to offline device
[  394.107029] sd 2:0:0:0: rejecting I/O to offline device
[  394.107031] sd 2:0:0:0: rejecting I/O to offline device
[  394.107033] sd 2:0:0:0: rejecting I/O to offline device
[  394.107034] sd 2:0:0:0: rejecting I/O to offline device
[  394.107036] sd 2:0:0:0: rejecting I/O to offline device
[  394.107057] sd 2:0:0:0: rejecting I/O to offline device
[  394.107631] sd 2:0:0:0: rejecting I/O to offline device
[  394.107654] sd 2:0:0:0: rejecting I/O to offline device
[  394.107657] sd 2:0:0:0: rejecting I/O to offline device
[  394.107679] sd 2:0:0:0: rejecting I/O to offline device
[  394.107700] sd 2:0:0:0: rejecting I/O to offline device
[  394.107723] sd 2:0:0:0: rejecting I/O to offline device
[  394.107734] sd 2:0:0:0: rejecting I/O to offline device
[  394.107740] sd 2:0:0:0: rejecting I/O to offline device
[  394.107759] sd 2:0:0:0: rejecting I/O to offline device
[  394.115110] sd 2:0:0:0: rejecting I/O to offline device
[  394.115115] sd 2:0:0:0: rejecting I/O to offline device
[  394.115117] sd 2:0:0:0: rejecting I/O to offline device
[  394.115119] sd 2:0:0:0: rejecting I/O to offline device
[  394.115120] sd 2:0:0:0: rejecting I/O to offline device
[  394.115122] sd 2:0:0:0: rejecting I/O to offline device
[  394.115126] sd 2:0:0:0: rejecting I/O to offline device
[  394.115295] sd 2:0:0:0: rejecting I/O to offline device
[  394.115300] sd 2:0:0:0: rejecting I/O to offline device
[  394.120131] sd 2:0:0:0: rejecting I/O to offline device
[  394.120138] EXT4-fs error (device sda1): ext4_find_entry:1450: inode #4332: comm kworker/u4:0: reading directory lblock 0
[  394.120139] EXT4-fs (sda1): previous I/O error to superblock detected
[  394.120145] sd 2:0:0:0: rejecting I/O to offline device
[  399.350505] Buffer I/O error on device sda1, logical block 1084352
[  399.352914] Buffer I/O error on device sda1, logical block 1084353
[  399.354149] Buffer I/O error on device sda1, logical block 1084354
[  399.355475] Buffer I/O error on device sda1, logical block 1084355
[  399.356824] Buffer I/O error on device sda1, logical block 1084356
[  399.411530] Buffer I/O error on device sda1, logical block 1084357
[  399.436929] Buffer I/O error on device sda1, logical block 1084358
[  399.438238] Buffer I/O error on device sda1, logical block 1084359
[  399.457408] Buffer I/O error on device sda1, logical block 1084360
[  399.533397] Buffer I/O error on device sda1, logical block 1084361
[  399.558276] blk_update_request: I/O error, dev sda, sector 4976616
[  399.590451] blk_update_request: I/O error, dev sda, sector 8724792
[  399.632602] blk_update_request: I/O error, dev sda, sector 8726936
[  399.656842] blk_update_request: I/O error, dev sda, sector 4858512
[  399.821143] sd 2:0:0:0: rejecting I/O to offline device
[  400.634569] EXT4-fs error (device sda1): ext4_find_entry:1450: inode #513987: comm npm: reading directory lblock 0
[  400.700202] EXT4-fs (sda1): previous I/O error to superblock detected
[  400.727202] sd 2:0:0:0: rejecting I/O to offline device
[  400.741100] sd 2:0:0:0: rejecting I/O to offline device
[  400.778169] EXT4-fs error (device sda1): ext4_find_entry:1450: inode #517804: comm npm: reading directory lblock 0
[  400.791455] EXT4-fs (sda1): previous I/O error to superblock detected
[  400.857275] sd 2:0:0:0: rejecting I/O to offline device
[  400.947839] sd 2:0:0:0: rejecting I/O to offline device
[  400.987683] EXT4-fs error (device sda1): ext4_find_entry:1450: inode #517919: comm npm: reading directory lblock 0
[  400.988157] sd 2:0:0:0: rejecting I/O to offline device
[  401.103924] EXT4-fs (sda1): previous I/O error to superblock detected
[  401.112928] sd 2:0:0:0: rejecting I/O to offline device
[  401.149427] sd 2:0:0:0: rejecting I/O to offline device
[  401.821691] EXT4-fs error (device sda1): ext4_find_entry:1450: inode #517847: comm npm: reading directory lblock 0
[  402.924196] EXT4-fs (sda1): previous I/O error to superblock detected
[  402.974105] sd 2:0:0:0: rejecting I/O to offline device
[  413.069079] sd 2:0:0:0: rejecting I/O to offline device
[  413.086202] EXT4-fs error (device sda1): ext4_find_entry:1450: inode #517847: comm npm: reading directory lblock 0
[  413.113418] EXT4-fs (sda1): previous I/O error to superblock detected
[  413.131366] sd 2:0:0:0: rejecting I/O to offline device
[  475.698151] sd 2:0:0:0: rejecting I/O to offline device
[  475.725857] EXT4-fs error (device sda1): ext4_find_entry:1450: inode #516450: comm npm: reading directory lblock 0
[  475.734661] EXT4-fs (sda1): previous I/O error to superblock detected
[  475.760169] sd 2:0:0:0: rejecting I/O to offline device
[  475.818313] sd 2:0:0:0: rejecting I/O to offline device
[  475.889883] sd 2:0:0:0: rejecting I/O to offline device
[  475.925169] EXT4-fs error (device sda1): ext4_find_entry:1450: inode #516450: comm npm: reading directory lblock 0
[  476.019355] EXT4-fs (sda1): previous I/O error to superblock detected
[  476.072250] sd 2:0:0:0: rejecting I/O to offline device
[  476.099966] sd 2:0:0:0: rejecting I/O to offline device
[  476.134106] sd 2:0:0:0: rejecting I/O to offline device
[  476.197756] EXT4-fs error (device sda1): ext4_find_entry:1450: inode #517723: comm npm: reading directory lblock 0
[  476.306918] EXT4-fs (sda1): previous I/O error to superblock detected
[  476.397528] sd 2:0:0:0: rejecting I/O to offline device
[  476.437371] sd 2:0:0:0: rejecting I/O to offline device
[  476.454305] EXT4-fs error (device sda1): ext4_find_entry:1450: inode #517723: comm npm: reading directory lblock 0
[  476.493163] EXT4-fs (sda1): previous I/O error to superblock detected
[  476.578824] sd 2:0:0:0: rejecting I/O to offline device
[  484.807503] sd 2:0:0:0: rejecting I/O to offline device
[  484.832864] sd 2:0:0:0: rejecting I/O to offline device
[  484.893223] sd 2:0:0:0: rejecting I/O to offline device
[  484.951172] sd 2:0:0:0: rejecting I/O to offline device
